D:\ARC INFORMATIQUE\PCVUE 11.2\DEVELOPMENT KITS\PROTOCOL TOOLKIT\SAMPLES\TCPIPDRIVER - V1.1\DEBUG\OBJ\CWPTCPIPDRIVER.PCH
D:\ARC INFORMATIQUE\PCVUE 11.2\DEVELOPMENT KITS\PROTOCOL TOOLKIT\SAMPLES\TCPIPDRIVER - V1.1\DEBUG\OBJ\STDAFX.OBJ
D:\ARC INFORMATIQUE\PCVUE 11.2\DEVELOPMENT KITS\PROTOCOL TOOLKIT\SAMPLES\TCPIPDRIVER - V1.1\DEBUG\OBJ\VC110.PDB
D:\ARC INFORMATIQUE\PCVUE 11.2\DEVELOPMENT KITS\PROTOCOL TOOLKIT\SAMPLES\TCPIPDRIVER - V1.1\DEBUG\OBJ\TCPIPDRIVERNETWORK.OBJ
D:\ARC INFORMATIQUE\PCVUE 11.2\DEVELOPMENT KITS\PROTOCOL TOOLKIT\SAMPLES\TCPIPDRIVER - V1.1\DEBUG\OBJ\TCPIPDRIVERFRAME.OBJ
D:\ARC INFORMATIQUE\PCVUE 11.2\DEVELOPMENT KITS\PROTOCOL TOOLKIT\SAMPLES\TCPIPDRIVER - V1.1\DEBUG\OBJ\TCPIPDRIVEREQUIPMENT.OBJ
D:\ARC INFORMATIQUE\PCVUE 11.2\DEVELOPMENT KITS\PROTOCOL TOOLKIT\SAMPLES\TCPIPDRIVER - V1.1\DEBUG\OBJ\TCPIPDRIVER.OBJ
D:\ARC INFORMATIQUE\PCVUE 11.2\DEVELOPMENT KITS\PROTOCOL TOOLKIT\SAMPLES\TCPIPDRIVER - V1.1\DEBUG\OBJ\IPSERVER.OBJ
D:\ARC INFORMATIQUE\PCVUE 11.2\BIN\CWPTCPIPDRIVER.DLL
D:\ARC INFORMATIQUE\PCVUE 11.2\BIN\CWPTCPIPDRIVER.PDB
D:\ARC INFORMATIQUE\PCVUE 11.2\DEVELOPMENT KITS\PROTOCOL TOOLKIT\SAMPLES\TCPIPDRIVER - V1.1\DEBUG\OBJ\TCPIPDRIVER.RES
D:\ARC Informatique\PcVue 11.2\Development kits\Protocol Toolkit\Samples\TcpIpDriver - V1.1\Debug\Obj\cwpTcpIpDriver.lib
D:\ARC Informatique\PcVue 11.2\Development kits\Protocol Toolkit\Samples\TcpIpDriver - V1.1\Debug\Obj\cwpTcpIpDriver.exp
D:\ARC Informatique\PcVue 11.2\Development kits\Protocol Toolkit\Samples\TcpIpDriver - V1.1\Debug\Obj\IpServer.obj
D:\ARC Informatique\PcVue 11.2\Development kits\Protocol Toolkit\Samples\TcpIpDriver - V1.1\Debug\Obj\stdafx.obj
D:\ARC Informatique\PcVue 11.2\Development kits\Protocol Toolkit\Samples\TcpIpDriver - V1.1\Debug\Obj\TcpIpDriver.obj
D:\ARC Informatique\PcVue 11.2\Development kits\Protocol Toolkit\Samples\TcpIpDriver - V1.1\Debug\Obj\TcpIpDriverEquipment.obj
D:\ARC Informatique\PcVue 11.2\Development kits\Protocol Toolkit\Samples\TcpIpDriver - V1.1\Debug\Obj\TcpIpDriverFrame.obj
D:\ARC Informatique\PcVue 11.2\Development kits\Protocol Toolkit\Samples\TcpIpDriver - V1.1\Debug\Obj\TcpIpDriverNetwork.obj
D:\ARC Informatique\PcVue 11.2\Development kits\Protocol Toolkit\Samples\TcpIpDriver - V1.1\Debug\Obj\cl.command.1.tlog
D:\ARC Informatique\PcVue 11.2\Development kits\Protocol Toolkit\Samples\TcpIpDriver - V1.1\Debug\Obj\CL.read.1.tlog
D:\ARC Informatique\PcVue 11.2\Development kits\Protocol Toolkit\Samples\TcpIpDriver - V1.1\Debug\Obj\CL.write.1.tlog
D:\ARC Informatique\PcVue 11.2\Development kits\Protocol Toolkit\Samples\TcpIpDriver - V1.1\Debug\Obj\link-cvtres.read.1.tlog
D:\ARC Informatique\PcVue 11.2\Development kits\Protocol Toolkit\Samples\TcpIpDriver - V1.1\Debug\Obj\link-cvtres.write.1.tlog
D:\ARC Informatique\PcVue 11.2\Development kits\Protocol Toolkit\Samples\TcpIpDriver - V1.1\Debug\Obj\link-mt.read.1.tlog
D:\ARC Informatique\PcVue 11.2\Development kits\Protocol Toolkit\Samples\TcpIpDriver - V1.1\Debug\Obj\link-mt.write.1.tlog
D:\ARC Informatique\PcVue 11.2\Development kits\Protocol Toolkit\Samples\TcpIpDriver - V1.1\Debug\Obj\link-rc.read.1.tlog
D:\ARC Informatique\PcVue 11.2\Development kits\Protocol Toolkit\Samples\TcpIpDriver - V1.1\Debug\Obj\link-rc.write.1.tlog
D:\ARC Informatique\PcVue 11.2\Development kits\Protocol Toolkit\Samples\TcpIpDriver - V1.1\Debug\Obj\link.command.1.tlog
D:\ARC Informatique\PcVue 11.2\Development kits\Protocol Toolkit\Samples\TcpIpDriver - V1.1\Debug\Obj\link.read.1.tlog
D:\ARC Informatique\PcVue 11.2\Development kits\Protocol Toolkit\Samples\TcpIpDriver - V1.1\Debug\Obj\link.write.1.tlog
D:\ARC Informatique\PcVue 11.2\Development kits\Protocol Toolkit\Samples\TcpIpDriver - V1.1\Debug\Obj\rc.command.1.tlog
D:\ARC Informatique\PcVue 11.2\Development kits\Protocol Toolkit\Samples\TcpIpDriver - V1.1\Debug\Obj\rc.read.1.tlog
D:\ARC Informatique\PcVue 11.2\Development kits\Protocol Toolkit\Samples\TcpIpDriver - V1.1\Debug\Obj\rc.write.1.tlog
D:\ARC Informatique\PcVue 11.2\Development kits\Protocol Toolkit\Samples\TcpIpDriver - V1.1\Debug\Obj\TcpIpDriver.write.1.tlog
D:\ARC Informatique\PcVue 11.2\Development kits\Protocol Toolkit\Samples\TcpIpDriver - V1.1\Debug\Obj\TcpIpDriver.res
D:\ARC Informatique\PcVue 11.2\Development kits\Protocol Toolkit\Samples\TcpIpDriver - V1.1\Debug\Obj\cwpTcpIpDriver.pch
D:\ARC Informatique\PcVue 11.2\Development kits\Protocol Toolkit\Samples\TcpIpDriver - V1.1\Debug\Obj\vc110.pdb
D:\ARC Informatique\PcVue 11.2\Development kits\Protocol Toolkit\Samples\TcpIpDriver - V1.1\..\..\..\..\Bin\cwpTcpIpDriver.dll
